<?xml version="1.0" encoding="UTF-8"?>
<!-- Generated by org.testng.reporters.JUnitReportReporter -->
<testsuite hostname="User" name="Task" tests="1" failures="0" timestamp="16 Mar 2017 12:18:54 GMT" time="133.308" errors="0">
  <testcase name="testwhatsApp" time="133.308" classname="Task"/>
</testsuite> <!-- Task -->
